1557525102874	mozrunner::runner	INFO	Running command: "/usr/bin/firefox" "-marionette" "-foreground" "-no-remote" "-profile" "/tmp/rust_mozprofile.W9uIfuo2hElG"
1557525103221	addons.webextension.screenshots@mozilla.org	WARN	Loading extension 'screenshots@mozilla.org': Reading manifest: Invalid extension permission: mozillaAddons
1557525103221	addons.webextension.screenshots@mozilla.org	WARN	Loading extension 'screenshots@mozilla.org': Reading manifest: Invalid extension permission: resource://pdf.js/
1557525103221	addons.webextension.screenshots@mozilla.org	WARN	Loading extension 'screenshots@mozilla.org': Reading manifest: Invalid extension permission: about:reader*
1557525104191	Marionette	INFO	Listening on port 45891
1557525104282	Marionette	WARN	TLS certificate errors will be ignored for this session
JavaScript warning: http://bvmf.bmfbovespa.com.br/WebResource.axd?d=4_i8nphUh5rGmRIwHa0b8XlNkrVyjaEwi-WEHsmjEnUgKiQN-b9KKiQzgqfaR8sT5z26xlACC3V7B804GFq5jSPFy2DO48UkNXH5R1v0sadYRWdnQbdURhSEbESZYSMkLb_5lSdjeWTTdHQ-EL2wbwNAs80XW66UQk7ZDV_BV7k2A9dME17WWagt12DIpp40RalgG0med8eb8qCaPCLMLhiy2941&t=636213560822372796, line 1880: unreachable code after return statement
1557525116835	Marionette	INFO	Stopped listening on port 45891
1557525175343	mozrunner::runner	INFO	Running command: "/usr/bin/firefox" "-marionette" "-foreground" "-no-remote" "-profile" "/tmp/rust_mozprofile.RqYWH3fY99x7"
1557525175695	addons.webextension.screenshots@mozilla.org	WARN	Loading extension 'screenshots@mozilla.org': Reading manifest: Invalid extension permission: mozillaAddons
1557525175695	addons.webextension.screenshots@mozilla.org	WARN	Loading extension 'screenshots@mozilla.org': Reading manifest: Invalid extension permission: resource://pdf.js/
1557525175695	addons.webextension.screenshots@mozilla.org	WARN	Loading extension 'screenshots@mozilla.org': Reading manifest: Invalid extension permission: about:reader*
1557525176664	Marionette	INFO	Listening on port 44561
1557525176748	Marionette	WARN	TLS certificate errors will be ignored for this session
JavaScript warning: http://bvmf.bmfbovespa.com.br/WebResource.axd?d=4_i8nphUh5rGmRIwHa0b8XlNkrVyjaEwi-WEHsmjEnUgKiQN-b9KKiQzgqfaR8sT5z26xlACC3V7B804GFq5jSPFy2DO48UkNXH5R1v0sadYRWdnQbdURhSEbESZYSMkLb_5lSdjeWTTdHQ-EL2wbwNAs80XW66UQk7ZDV_BV7k2A9dME17WWagt12DIpp40RalgG0med8eb8qCaPCLMLhiy2941&t=636213560822372796, line 1880: unreachable code after return statement
1557525185669	Marionette	INFO	Stopped listening on port 44561
1557525213247	mozrunner::runner	INFO	Running command: "/usr/bin/firefox" "-marionette" "-foreground" "-no-remote" "-profile" "/tmp/rust_mozprofile.Yq1o6JlNbl18"
1557525213616	addons.webextension.screenshots@mozilla.org	WARN	Loading extension 'screenshots@mozilla.org': Reading manifest: Invalid extension permission: mozillaAddons
1557525213617	addons.webextension.screenshots@mozilla.org	WARN	Loading extension 'screenshots@mozilla.org': Reading manifest: Invalid extension permission: resource://pdf.js/
1557525213617	addons.webextension.screenshots@mozilla.org	WARN	Loading extension 'screenshots@mozilla.org': Reading manifest: Invalid extension permission: about:reader*
1557525214611	Marionette	INFO	Listening on port 33197
1557525214660	Marionette	WARN	TLS certificate errors will be ignored for this session
JavaScript warning: http://bvmf.bmfbovespa.com.br/WebResource.axd?d=4_i8nphUh5rGmRIwHa0b8XlNkrVyjaEwi-WEHsmjEnUgKiQN-b9KKiQzgqfaR8sT5z26xlACC3V7B804GFq5jSPFy2DO48UkNXH5R1v0sadYRWdnQbdURhSEbESZYSMkLb_5lSdjeWTTdHQ-EL2wbwNAs80XW66UQk7ZDV_BV7k2A9dME17WWagt12DIpp40RalgG0med8eb8qCaPCLMLhiy2941&t=636213560822372796, line 1880: unreachable code after return statement
1557525227139	Marionette	INFO	Stopped listening on port 33197
1557525311559	mozrunner::runner	INFO	Running command: "/usr/bin/firefox" "-marionette" "-foreground" "-no-remote" "-profile" "/tmp/rust_mozprofile.XzYD1sLwVaNe"
1557525311917	addons.webextension.screenshots@mozilla.org	WARN	Loading extension 'screenshots@mozilla.org': Reading manifest: Invalid extension permission: mozillaAddons
1557525311917	addons.webextension.screenshots@mozilla.org	WARN	Loading extension 'screenshots@mozilla.org': Reading manifest: Invalid extension permission: resource://pdf.js/
1557525311917	addons.webextension.screenshots@mozilla.org	WARN	Loading extension 'screenshots@mozilla.org': Reading manifest: Invalid extension permission: about:reader*
1557525312894	Marionette	INFO	Listening on port 38137
1557525312972	Marionette	WARN	TLS certificate errors will be ignored for this session
JavaScript warning: http://bvmf.bmfbovespa.com.br/WebResource.axd?d=4_i8nphUh5rGmRIwHa0b8XlNkrVyjaEwi-WEHsmjEnUgKiQN-b9KKiQzgqfaR8sT5z26xlACC3V7B804GFq5jSPFy2DO48UkNXH5R1v0sadYRWdnQbdURhSEbESZYSMkLb_5lSdjeWTTdHQ-EL2wbwNAs80XW66UQk7ZDV_BV7k2A9dME17WWagt12DIpp40RalgG0med8eb8qCaPCLMLhiy2941&t=636213560822372796, line 1880: unreachable code after return statement
1557525319722	Marionette	INFO	Stopped listening on port 38137
1557525329577	mozrunner::runner	INFO	Running command: "/usr/bin/firefox" "-marionette" "-foreground" "-no-remote" "-profile" "/tmp/rust_mozprofile.Vg8DtZHlugu4"
1557525329939	addons.webextension.screenshots@mozilla.org	WARN	Loading extension 'screenshots@mozilla.org': Reading manifest: Invalid extension permission: mozillaAddons
1557525329939	addons.webextension.screenshots@mozilla.org	WARN	Loading extension 'screenshots@mozilla.org': Reading manifest: Invalid extension permission: resource://pdf.js/
1557525329939	addons.webextension.screenshots@mozilla.org	WARN	Loading extension 'screenshots@mozilla.org': Reading manifest: Invalid extension permission: about:reader*
1557525330902	Marionette	INFO	Listening on port 37367
1557525330985	Marionette	WARN	TLS certificate errors will be ignored for this session
JavaScript warning: http://bvmf.bmfbovespa.com.br/WebResource.axd?d=4_i8nphUh5rGmRIwHa0b8XlNkrVyjaEwi-WEHsmjEnUgKiQN-b9KKiQzgqfaR8sT5z26xlACC3V7B804GFq5jSPFy2DO48UkNXH5R1v0sadYRWdnQbdURhSEbESZYSMkLb_5lSdjeWTTdHQ-EL2wbwNAs80XW66UQk7ZDV_BV7k2A9dME17WWagt12DIpp40RalgG0med8eb8qCaPCLMLhiy2941&t=636213560822372796, line 1880: unreachable code after return statement
[Parent 378, Gecko_IOThread] WARNING: pipe error (81): Conexão fechada pela outra ponta: file /build/src/firefox-66.0.5/ipc/chromium/src/chrome/common/ipc_channel_posix.cc, line 357
[Parent 378, Gecko_IOThread] WARNING: pipe error (125): Conexão fechada pela outra ponta: file /build/src/firefox-66.0.5/ipc/chromium/src/chrome/common/ipc_channel_posix.cc, line 357
1557525336685	Marionette	INFO	Stopped listening on port 37367
1557525485250	mozrunner::runner	INFO	Running command: "/usr/bin/firefox" "-marionette" "-foreground" "-no-remote" "-profile" "/tmp/rust_mozprofile.IYmCWXpaPo1g"
1557525485599	addons.webextension.screenshots@mozilla.org	WARN	Loading extension 'screenshots@mozilla.org': Reading manifest: Invalid extension permission: mozillaAddons
1557525485599	addons.webextension.screenshots@mozilla.org	WARN	Loading extension 'screenshots@mozilla.org': Reading manifest: Invalid extension permission: resource://pdf.js/
1557525485599	addons.webextension.screenshots@mozilla.org	WARN	Loading extension 'screenshots@mozilla.org': Reading manifest: Invalid extension permission: about:reader*
1557525486594	Marionette	INFO	Listening on port 43239
1557525486658	Marionette	WARN	TLS certificate errors will be ignored for this session
JavaScript warning: http://bvmf.bmfbovespa.com.br/WebResource.axd?d=4_i8nphUh5rGmRIwHa0b8XlNkrVyjaEwi-WEHsmjEnUgKiQN-b9KKiQzgqfaR8sT5z26xlACC3V7B804GFq5jSPFy2DO48UkNXH5R1v0sadYRWdnQbdURhSEbESZYSMkLb_5lSdjeWTTdHQ-EL2wbwNAs80XW66UQk7ZDV_BV7k2A9dME17WWagt12DIpp40RalgG0med8eb8qCaPCLMLhiy2941&t=636213560822372796, line 1880: unreachable code after return statement
1557525508357	mozrunner::runner	INFO	Running command: "/usr/bin/firefox" "-marionette" "-foreground" "-no-remote" "-profile" "/tmp/rust_mozprofile.oyVgkvBmkiOi"
1557525508751	addons.webextension.screenshots@mozilla.org	WARN	Loading extension 'screenshots@mozilla.org': Reading manifest: Invalid extension permission: mozillaAddons
1557525508751	addons.webextension.screenshots@mozilla.org	WARN	Loading extension 'screenshots@mozilla.org': Reading manifest: Invalid extension permission: resource://pdf.js/
1557525508751	addons.webextension.screenshots@mozilla.org	WARN	Loading extension 'screenshots@mozilla.org': Reading manifest: Invalid extension permission: about:reader*
1557525509678	Marionette	INFO	Listening on port 33295
1557525509789	Marionette	WARN	TLS certificate errors will be ignored for this session
JavaScript warning: http://bvmf.bmfbovespa.com.br/WebResource.axd?d=4_i8nphUh5rGmRIwHa0b8XlNkrVyjaEwi-WEHsmjEnUgKiQN-b9KKiQzgqfaR8sT5z26xlACC3V7B804GFq5jSPFy2DO48UkNXH5R1v0sadYRWdnQbdURhSEbESZYSMkLb_5lSdjeWTTdHQ-EL2wbwNAs80XW66UQk7ZDV_BV7k2A9dME17WWagt12DIpp40RalgG0med8eb8qCaPCLMLhiy2941&t=636213560822372796, line 1880: unreachable code after return statement
1557525511721	Marionette	INFO	Stopped listening on port 33295
[Parent 1208, Gecko_IOThread] WARNING: pipe error (67): Conexão fechada pela outra ponta: file /build/src/firefox-66.0.5/ipc/chromium/src/chrome/common/ipc_channel_posix.cc, line 357
[Parent 1208, Gecko_IOThread] WARNING: pipe error (81): Conexão fechada pela outra ponta: file /build/src/firefox-66.0.5/ipc/chromium/src/chrome/common/ipc_channel_posix.cc, line 357
1557525515561	Marionette	INFO	Stopped listening on port 43239
1557525618579	mozrunner::runner	INFO	Running command: "/usr/bin/firefox" "-marionette" "-foreground" "-no-remote" "-profile" "/tmp/rust_mozprofile.WfGfHUmMW7kV"
1557525618960	addons.webextension.screenshots@mozilla.org	WARN	Loading extension 'screenshots@mozilla.org': Reading manifest: Invalid extension permission: mozillaAddons
1557525618960	addons.webextension.screenshots@mozilla.org	WARN	Loading extension 'screenshots@mozilla.org': Reading manifest: Invalid extension permission: resource://pdf.js/
1557525618960	addons.webextension.screenshots@mozilla.org	WARN	Loading extension 'screenshots@mozilla.org': Reading manifest: Invalid extension permission: about:reader*
1557525619900	Marionette	INFO	Listening on port 35457
1557525619989	Marionette	WARN	TLS certificate errors will be ignored for this session
JavaScript warning: http://bvmf.bmfbovespa.com.br/WebResource.axd?d=4_i8nphUh5rGmRIwHa0b8XlNkrVyjaEwi-WEHsmjEnUgKiQN-b9KKiQzgqfaR8sT5z26xlACC3V7B804GFq5jSPFy2DO48UkNXH5R1v0sadYRWdnQbdURhSEbESZYSMkLb_5lSdjeWTTdHQ-EL2wbwNAs80XW66UQk7ZDV_BV7k2A9dME17WWagt12DIpp40RalgG0med8eb8qCaPCLMLhiy2941&t=636213560822372796, line 1880: unreachable code after return statement
1557525623224	Marionette	INFO	Stopped listening on port 35457
1557525636060	mozrunner::runner	INFO	Running command: "/usr/bin/firefox" "-marionette" "-foreground" "-no-remote" "-profile" "/tmp/rust_mozprofile.jtTbQ6sjPect"
1557525636416	addons.webextension.screenshots@mozilla.org	WARN	Loading extension 'screenshots@mozilla.org': Reading manifest: Invalid extension permission: mozillaAddons
1557525636416	addons.webextension.screenshots@mozilla.org	WARN	Loading extension 'screenshots@mozilla.org': Reading manifest: Invalid extension permission: resource://pdf.js/
1557525636416	addons.webextension.screenshots@mozilla.org	WARN	Loading extension 'screenshots@mozilla.org': Reading manifest: Invalid extension permission: about:reader*
1557525637423	Marionette	INFO	Listening on port 33699
1557525637475	Marionette	WARN	TLS certificate errors will be ignored for this session
JavaScript warning: http://bvmf.bmfbovespa.com.br/WebResource.axd?d=4_i8nphUh5rGmRIwHa0b8XlNkrVyjaEwi-WEHsmjEnUgKiQN-b9KKiQzgqfaR8sT5z26xlACC3V7B804GFq5jSPFy2DO48UkNXH5R1v0sadYRWdnQbdURhSEbESZYSMkLb_5lSdjeWTTdHQ-EL2wbwNAs80XW66UQk7ZDV_BV7k2A9dME17WWagt12DIpp40RalgG0med8eb8qCaPCLMLhiy2941&t=636213560822372796, line 1880: unreachable code after return statement
1557525640111	Marionette	INFO	Stopped listening on port 33699
1557525654909	mozrunner::runner	INFO	Running command: "/usr/bin/firefox" "-marionette" "-foreground" "-no-remote" "-profile" "/tmp/rust_mozprofile.jYwW9iAxf6W3"
1557525655281	addons.webextension.screenshots@mozilla.org	WARN	Loading extension 'screenshots@mozilla.org': Reading manifest: Invalid extension permission: mozillaAddons
1557525655281	addons.webextension.screenshots@mozilla.org	WARN	Loading extension 'screenshots@mozilla.org': Reading manifest: Invalid extension permission: resource://pdf.js/
1557525655281	addons.webextension.screenshots@mozilla.org	WARN	Loading extension 'screenshots@mozilla.org': Reading manifest: Invalid extension permission: about:reader*
1557525656274	Marionette	INFO	Listening on port 39129
1557525656318	Marionette	WARN	TLS certificate errors will be ignored for this session
JavaScript warning: http://bvmf.bmfbovespa.com.br/WebResource.axd?d=4_i8nphUh5rGmRIwHa0b8XlNkrVyjaEwi-WEHsmjEnUgKiQN-b9KKiQzgqfaR8sT5z26xlACC3V7B804GFq5jSPFy2DO48UkNXH5R1v0sadYRWdnQbdURhSEbESZYSMkLb_5lSdjeWTTdHQ-EL2wbwNAs80XW66UQk7ZDV_BV7k2A9dME17WWagt12DIpp40RalgG0med8eb8qCaPCLMLhiy2941&t=636213560822372796, line 1880: unreachable code after return statement
1557525661106	Marionette	INFO	Stopped listening on port 39129
1557525685585	mozrunner::runner	INFO	Running command: "/usr/bin/firefox" "-marionette" "-foreground" "-no-remote" "-profile" "/tmp/rust_mozprofile.BIcEu17d2GdY"
1557525685947	addons.webextension.screenshots@mozilla.org	WARN	Loading extension 'screenshots@mozilla.org': Reading manifest: Invalid extension permission: mozillaAddons
1557525685947	addons.webextension.screenshots@mozilla.org	WARN	Loading extension 'screenshots@mozilla.org': Reading manifest: Invalid extension permission: resource://pdf.js/
1557525685947	addons.webextension.screenshots@mozilla.org	WARN	Loading extension 'screenshots@mozilla.org': Reading manifest: Invalid extension permission: about:reader*
1557525686949	Marionette	INFO	Listening on port 45467
1557525686998	Marionette	WARN	TLS certificate errors will be ignored for this session
JavaScript warning: http://bvmf.bmfbovespa.com.br/WebResource.axd?d=4_i8nphUh5rGmRIwHa0b8XlNkrVyjaEwi-WEHsmjEnUgKiQN-b9KKiQzgqfaR8sT5z26xlACC3V7B804GFq5jSPFy2DO48UkNXH5R1v0sadYRWdnQbdURhSEbESZYSMkLb_5lSdjeWTTdHQ-EL2wbwNAs80XW66UQk7ZDV_BV7k2A9dME17WWagt12DIpp40RalgG0med8eb8qCaPCLMLhiy2941&t=636213560822372796, line 1880: unreachable code after return statement
1557525692347	Marionette	INFO	Stopped listening on port 45467
1557526087375	mozrunner::runner	INFO	Running command: "/usr/bin/firefox" "-marionette" "-foreground" "-no-remote" "-profile" "/tmp/rust_mozprofile.MZZx4lKOFQ46"
1557526087727	addons.webextension.screenshots@mozilla.org	WARN	Loading extension 'screenshots@mozilla.org': Reading manifest: Invalid extension permission: mozillaAddons
1557526087728	addons.webextension.screenshots@mozilla.org	WARN	Loading extension 'screenshots@mozilla.org': Reading manifest: Invalid extension permission: resource://pdf.js/
1557526087728	addons.webextension.screenshots@mozilla.org	WARN	Loading extension 'screenshots@mozilla.org': Reading manifest: Invalid extension permission: about:reader*
1557526088713	Marionette	INFO	Listening on port 39791
1557526088796	Marionette	WARN	TLS certificate errors will be ignored for this session
JavaScript warning: http://bvmf.bmfbovespa.com.br/WebResource.axd?d=4_i8nphUh5rGmRIwHa0b8XlNkrVyjaEwi-WEHsmjEnUgKiQN-b9KKiQzgqfaR8sT5z26xlACC3V7B804GFq5jSPFy2DO48UkNXH5R1v0sadYRWdnQbdURhSEbESZYSMkLb_5lSdjeWTTdHQ-EL2wbwNAs80XW66UQk7ZDV_BV7k2A9dME17WWagt12DIpp40RalgG0med8eb8qCaPCLMLhiy2941&t=636213560822372796, line 1880: unreachable code after return statement
1557526091232	Marionette	INFO	Stopped listening on port 39791
1557526106568	mozrunner::runner	INFO	Running command: "/usr/bin/firefox" "-marionette" "-foreground" "-no-remote" "-profile" "/tmp/rust_mozprofile.ZoIAl7meW6AY"
1557526106973	addons.webextension.screenshots@mozilla.org	WARN	Loading extension 'screenshots@mozilla.org': Reading manifest: Invalid extension permission: mozillaAddons
1557526106974	addons.webextension.screenshots@mozilla.org	WARN	Loading extension 'screenshots@mozilla.org': Reading manifest: Invalid extension permission: resource://pdf.js/
1557526106974	addons.webextension.screenshots@mozilla.org	WARN	Loading extension 'screenshots@mozilla.org': Reading manifest: Invalid extension permission: about:reader*
1557526108199	Marionette	INFO	Listening on port 35863
1557526108291	Marionette	WARN	TLS certificate errors will be ignored for this session
JavaScript warning: http://bvmf.bmfbovespa.com.br/WebResource.axd?d=4_i8nphUh5rGmRIwHa0b8XlNkrVyjaEwi-WEHsmjEnUgKiQN-b9KKiQzgqfaR8sT5z26xlACC3V7B804GFq5jSPFy2DO48UkNXH5R1v0sadYRWdnQbdURhSEbESZYSMkLb_5lSdjeWTTdHQ-EL2wbwNAs80XW66UQk7ZDV_BV7k2A9dME17WWagt12DIpp40RalgG0med8eb8qCaPCLMLhiy2941&t=636213560822372796, line 1880: unreachable code after return statement
1557526110998	Marionette	INFO	Stopped listening on port 35863
1557526228746	mozrunner::runner	INFO	Running command: "/usr/bin/firefox" "-marionette" "-foreground" "-no-remote" "-profile" "/tmp/rust_mozprofile.CjWTzz0ItPUj"
1557526229107	addons.webextension.screenshots@mozilla.org	WARN	Loading extension 'screenshots@mozilla.org': Reading manifest: Invalid extension permission: mozillaAddons
1557526229107	addons.webextension.screenshots@mozilla.org	WARN	Loading extension 'screenshots@mozilla.org': Reading manifest: Invalid extension permission: resource://pdf.js/
1557526229107	addons.webextension.screenshots@mozilla.org	WARN	Loading extension 'screenshots@mozilla.org': Reading manifest: Invalid extension permission: about:reader*
1557526230125	Marionette	INFO	Listening on port 41257
1557526230155	Marionette	WARN	TLS certificate errors will be ignored for this session
JavaScript warning: http://bvmf.bmfbovespa.com.br/WebResource.axd?d=4_i8nphUh5rGmRIwHa0b8XlNkrVyjaEwi-WEHsmjEnUgKiQN-b9KKiQzgqfaR8sT5z26xlACC3V7B804GFq5jSPFy2DO48UkNXH5R1v0sadYRWdnQbdURhSEbESZYSMkLb_5lSdjeWTTdHQ-EL2wbwNAs80XW66UQk7ZDV_BV7k2A9dME17WWagt12DIpp40RalgG0med8eb8qCaPCLMLhiy2941&t=636213560822372796, line 1880: unreachable code after return statement
1557526232802	Marionette	INFO	Stopped listening on port 41257
1557526267395	mozrunner::runner	INFO	Running command: "/usr/bin/firefox" "-marionette" "-foreground" "-no-remote" "-profile" "/tmp/rust_mozprofile.MhbSucDCHFnD"
1557526267741	addons.webextension.screenshots@mozilla.org	WARN	Loading extension 'screenshots@mozilla.org': Reading manifest: Invalid extension permission: mozillaAddons
1557526267741	addons.webextension.screenshots@mozilla.org	WARN	Loading extension 'screenshots@mozilla.org': Reading manifest: Invalid extension permission: resource://pdf.js/
1557526267741	addons.webextension.screenshots@mozilla.org	WARN	Loading extension 'screenshots@mozilla.org': Reading manifest: Invalid extension permission: about:reader*
1557526268736	Marionette	INFO	Listening on port 37213
1557526268805	Marionette	WARN	TLS certificate errors will be ignored for this session
JavaScript warning: http://bvmf.bmfbovespa.com.br/WebResource.axd?d=4_i8nphUh5rGmRIwHa0b8XlNkrVyjaEwi-WEHsmjEnUgKiQN-b9KKiQzgqfaR8sT5z26xlACC3V7B804GFq5jSPFy2DO48UkNXH5R1v0sadYRWdnQbdURhSEbESZYSMkLb_5lSdjeWTTdHQ-EL2wbwNAs80XW66UQk7ZDV_BV7k2A9dME17WWagt12DIpp40RalgG0med8eb8qCaPCLMLhiy2941&t=636213560822372796, line 1880: unreachable code after return statement
console.error: BroadcastService: 
  receivedBroadcastMessage: handler for
  remote-settings/monitor_changes
  threw error:
  Message: Error: Polling for changes failed: NetworkError when attempting to fetch resource..
  Stack:
    remoteSettingsFunction/remoteSettings.pollChanges@resource://services-settings/remote-settings.js:190:13

1557526303218	Marionette	INFO	Stopped listening on port 37213
1557526311247	mozrunner::runner	INFO	Running command: "/usr/bin/firefox" "-marionette" "-foreground" "-no-remote" "-profile" "/tmp/rust_mozprofile.iosfjc6oqfPD"
1557526311598	addons.webextension.screenshots@mozilla.org	WARN	Loading extension 'screenshots@mozilla.org': Reading manifest: Invalid extension permission: mozillaAddons
1557526311598	addons.webextension.screenshots@mozilla.org	WARN	Loading extension 'screenshots@mozilla.org': Reading manifest: Invalid extension permission: resource://pdf.js/
1557526311598	addons.webextension.screenshots@mozilla.org	WARN	Loading extension 'screenshots@mozilla.org': Reading manifest: Invalid extension permission: about:reader*
1557526312624	Marionette	INFO	Listening on port 39583
1557526312671	Marionette	WARN	TLS certificate errors will be ignored for this session
JavaScript warning: http://bvmf.bmfbovespa.com.br/WebResource.axd?d=4_i8nphUh5rGmRIwHa0b8XlNkrVyjaEwi-WEHsmjEnUgKiQN-b9KKiQzgqfaR8sT5z26xlACC3V7B804GFq5jSPFy2DO48UkNXH5R1v0sadYRWdnQbdURhSEbESZYSMkLb_5lSdjeWTTdHQ-EL2wbwNAs80XW66UQk7ZDV_BV7k2A9dME17WWagt12DIpp40RalgG0med8eb8qCaPCLMLhiy2941&t=636213560822372796, line 1880: unreachable code after return statement
1557526326444	Marionette	INFO	Stopped listening on port 39583
1557526334242	mozrunner::runner	INFO	Running command: "/usr/bin/firefox" "-marionette" "-foreground" "-no-remote" "-profile" "/tmp/rust_mozprofile.FRIP1j1f8oyn"
1557526334598	addons.webextension.screenshots@mozilla.org	WARN	Loading extension 'screenshots@mozilla.org': Reading manifest: Invalid extension permission: mozillaAddons
1557526334598	addons.webextension.screenshots@mozilla.org	WARN	Loading extension 'screenshots@mozilla.org': Reading manifest: Invalid extension permission: resource://pdf.js/
1557526334598	addons.webextension.screenshots@mozilla.org	WARN	Loading extension 'screenshots@mozilla.org': Reading manifest: Invalid extension permission: about:reader*
1557526335642	Marionette	INFO	Listening on port 34183
1557526335652	Marionette	WARN	TLS certificate errors will be ignored for this session
JavaScript warning: http://bvmf.bmfbovespa.com.br/WebResource.axd?d=4_i8nphUh5rGmRIwHa0b8XlNkrVyjaEwi-WEHsmjEnUgKiQN-b9KKiQzgqfaR8sT5z26xlACC3V7B804GFq5jSPFy2DO48UkNXH5R1v0sadYRWdnQbdURhSEbESZYSMkLb_5lSdjeWTTdHQ-EL2wbwNAs80XW66UQk7ZDV_BV7k2A9dME17WWagt12DIpp40RalgG0med8eb8qCaPCLMLhiy2941&t=636213560822372796, line 1880: unreachable code after return statement
1557526344081	Marionette	INFO	Stopped listening on port 34183
1557526389163	mozrunner::runner	INFO	Running command: "/usr/bin/firefox" "-marionette" "-foreground" "-no-remote" "-profile" "/tmp/rust_mozprofile.cV1ugLQ3FOTQ"
1557526389511	addons.webextension.screenshots@mozilla.org	WARN	Loading extension 'screenshots@mozilla.org': Reading manifest: Invalid extension permission: mozillaAddons
1557526389511	addons.webextension.screenshots@mozilla.org	WARN	Loading extension 'screenshots@mozilla.org': Reading manifest: Invalid extension permission: resource://pdf.js/
1557526389511	addons.webextension.screenshots@mozilla.org	WARN	Loading extension 'screenshots@mozilla.org': Reading manifest: Invalid extension permission: about:reader*
1557526390580	Marionette	INFO	Listening on port 39435
1557526390678	Marionette	WARN	TLS certificate errors will be ignored for this session
JavaScript warning: http://bvmf.bmfbovespa.com.br/WebResource.axd?d=4_i8nphUh5rGmRIwHa0b8XlNkrVyjaEwi-WEHsmjEnUgKiQN-b9KKiQzgqfaR8sT5z26xlACC3V7B804GFq5jSPFy2DO48UkNXH5R1v0sadYRWdnQbdURhSEbESZYSMkLb_5lSdjeWTTdHQ-EL2wbwNAs80XW66UQk7ZDV_BV7k2A9dME17WWagt12DIpp40RalgG0med8eb8qCaPCLMLhiy2941&t=636213560822372796, line 1880: unreachable code after return statement
1557526395170	Marionette	INFO	Stopped listening on port 39435
1557526420606	mozrunner::runner	INFO	Running command: "/usr/bin/firefox" "-marionette" "-foreground" "-no-remote" "-profile" "/tmp/rust_mozprofile.boZsUIHOy74x"
1557526420968	addons.webextension.screenshots@mozilla.org	WARN	Loading extension 'screenshots@mozilla.org': Reading manifest: Invalid extension permission: mozillaAddons
1557526420968	addons.webextension.screenshots@mozilla.org	WARN	Loading extension 'screenshots@mozilla.org': Reading manifest: Invalid extension permission: resource://pdf.js/
1557526420968	addons.webextension.screenshots@mozilla.org	WARN	Loading extension 'screenshots@mozilla.org': Reading manifest: Invalid extension permission: about:reader*
1557526421949	Marionette	INFO	Listening on port 40841
1557526422018	Marionette	WARN	TLS certificate errors will be ignored for this session
JavaScript warning: http://bvmf.bmfbovespa.com.br/WebResource.axd?d=4_i8nphUh5rGmRIwHa0b8XlNkrVyjaEwi-WEHsmjEnUgKiQN-b9KKiQzgqfaR8sT5z26xlACC3V7B804GFq5jSPFy2DO48UkNXH5R1v0sadYRWdnQbdURhSEbESZYSMkLb_5lSdjeWTTdHQ-EL2wbwNAs80XW66UQk7ZDV_BV7k2A9dME17WWagt12DIpp40RalgG0med8eb8qCaPCLMLhiy2941&t=636213560822372796, line 1880: unreachable code after return statement
1557526427767	Marionette	INFO	Stopped listening on port 40841
1557526530596	mozrunner::runner	INFO	Running command: "/usr/bin/firefox" "-marionette" "-foreground" "-no-remote" "-profile" "/tmp/rust_mozprofile.2Wi9OIspWHbS"
1557526530962	addons.webextension.screenshots@mozilla.org	WARN	Loading extension 'screenshots@mozilla.org': Reading manifest: Invalid extension permission: mozillaAddons
1557526530962	addons.webextension.screenshots@mozilla.org	WARN	Loading extension 'screenshots@mozilla.org': Reading manifest: Invalid extension permission: resource://pdf.js/
1557526530962	addons.webextension.screenshots@mozilla.org	WARN	Loading extension 'screenshots@mozilla.org': Reading manifest: Invalid extension permission: about:reader*
1557526531995	Marionette	INFO	Listening on port 46559
1557526532007	Marionette	WARN	TLS certificate errors will be ignored for this session
JavaScript warning: http://bvmf.bmfbovespa.com.br/WebResource.axd?d=4_i8nphUh5rGmRIwHa0b8XlNkrVyjaEwi-WEHsmjEnUgKiQN-b9KKiQzgqfaR8sT5z26xlACC3V7B804GFq5jSPFy2DO48UkNXH5R1v0sadYRWdnQbdURhSEbESZYSMkLb_5lSdjeWTTdHQ-EL2wbwNAs80XW66UQk7ZDV_BV7k2A9dME17WWagt12DIpp40RalgG0med8eb8qCaPCLMLhiy2941&t=636213560822372796, line 1880: unreachable code after return statement
1557526534374	Marionette	INFO	Stopped listening on port 46559
1557526567862	mozrunner::runner	INFO	Running command: "/usr/bin/firefox" "-marionette" "-foreground" "-no-remote" "-profile" "/tmp/rust_mozprofile.RDIw5IMdv49Z"
1557526568213	addons.webextension.screenshots@mozilla.org	WARN	Loading extension 'screenshots@mozilla.org': Reading manifest: Invalid extension permission: mozillaAddons
1557526568214	addons.webextension.screenshots@mozilla.org	WARN	Loading extension 'screenshots@mozilla.org': Reading manifest: Invalid extension permission: resource://pdf.js/
1557526568214	addons.webextension.screenshots@mozilla.org	WARN	Loading extension 'screenshots@mozilla.org': Reading manifest: Invalid extension permission: about:reader*
1557526569205	Marionette	INFO	Listening on port 37857
1557526569270	Marionette	WARN	TLS certificate errors will be ignored for this session
JavaScript warning: http://bvmf.bmfbovespa.com.br/WebResource.axd?d=4_i8nphUh5rGmRIwHa0b8XlNkrVyjaEwi-WEHsmjEnUgKiQN-b9KKiQzgqfaR8sT5z26xlACC3V7B804GFq5jSPFy2DO48UkNXH5R1v0sadYRWdnQbdURhSEbESZYSMkLb_5lSdjeWTTdHQ-EL2wbwNAs80XW66UQk7ZDV_BV7k2A9dME17WWagt12DIpp40RalgG0med8eb8qCaPCLMLhiy2941&t=636213560822372796, line 1880: unreachable code after return statement
1557526572544	Marionette	INFO	Stopped listening on port 37857

###!!! [Parent][RunMessage] Error: Channel closing: too late to send/recv, messages will be lost

1557526581930	mozrunner::runner	INFO	Running command: "/usr/bin/firefox" "-marionette" "-foreground" "-no-remote" "-profile" "/tmp/rust_mozprofile.zejtU4N7RV20"
1557526582294	addons.webextension.screenshots@mozilla.org	WARN	Loading extension 'screenshots@mozilla.org': Reading manifest: Invalid extension permission: mozillaAddons
1557526582294	addons.webextension.screenshots@mozilla.org	WARN	Loading extension 'screenshots@mozilla.org': Reading manifest: Invalid extension permission: resource://pdf.js/
1557526582295	addons.webextension.screenshots@mozilla.org	WARN	Loading extension 'screenshots@mozilla.org': Reading manifest: Invalid extension permission: about:reader*
1557526583281	Marionette	INFO	Listening on port 45399
1557526583337	Marionette	WARN	TLS certificate errors will be ignored for this session
JavaScript warning: http://bvmf.bmfbovespa.com.br/WebResource.axd?d=4_i8nphUh5rGmRIwHa0b8XlNkrVyjaEwi-WEHsmjEnUgKiQN-b9KKiQzgqfaR8sT5z26xlACC3V7B804GFq5jSPFy2DO48UkNXH5R1v0sadYRWdnQbdURhSEbESZYSMkLb_5lSdjeWTTdHQ-EL2wbwNAs80XW66UQk7ZDV_BV7k2A9dME17WWagt12DIpp40RalgG0med8eb8qCaPCLMLhiy2941&t=636213560822372796, line 1880: unreachable code after return statement
1557526585789	Marionette	INFO	Stopped listening on port 45399
1557526639817	mozrunner::runner	INFO	Running command: "/usr/bin/firefox" "-marionette" "-foreground" "-no-remote" "-profile" "/tmp/rust_mozprofile.EcN0c8PabLhe"
1557526640217	addons.webextension.screenshots@mozilla.org	WARN	Loading extension 'screenshots@mozilla.org': Reading manifest: Invalid extension permission: mozillaAddons
1557526640217	addons.webextension.screenshots@mozilla.org	WARN	Loading extension 'screenshots@mozilla.org': Reading manifest: Invalid extension permission: resource://pdf.js/
1557526640217	addons.webextension.screenshots@mozilla.org	WARN	Loading extension 'screenshots@mozilla.org': Reading manifest: Invalid extension permission: about:reader*
1557526641263	Marionette	INFO	Listening on port 35767
1557526641332	Marionette	WARN	TLS certificate errors will be ignored for this session
JavaScript warning: http://bvmf.bmfbovespa.com.br/WebResource.axd?d=4_i8nphUh5rGmRIwHa0b8XlNkrVyjaEwi-WEHsmjEnUgKiQN-b9KKiQzgqfaR8sT5z26xlACC3V7B804GFq5jSPFy2DO48UkNXH5R1v0sadYRWdnQbdURhSEbESZYSMkLb_5lSdjeWTTdHQ-EL2wbwNAs80XW66UQk7ZDV_BV7k2A9dME17WWagt12DIpp40RalgG0med8eb8qCaPCLMLhiy2941&t=636213560822372796, line 1880: unreachable code after return statement
1557526643825	Marionette	INFO	Stopped listening on port 35767
1557526652764	mozrunner::runner	INFO	Running command: "/usr/bin/firefox" "-marionette" "-foreground" "-no-remote" "-profile" "/tmp/rust_mozprofile.USqd70xil1BB"
1557526653112	addons.webextension.screenshots@mozilla.org	WARN	Loading extension 'screenshots@mozilla.org': Reading manifest: Invalid extension permission: mozillaAddons
1557526653112	addons.webextension.screenshots@mozilla.org	WARN	Loading extension 'screenshots@mozilla.org': Reading manifest: Invalid extension permission: resource://pdf.js/
1557526653112	addons.webextension.screenshots@mozilla.org	WARN	Loading extension 'screenshots@mozilla.org': Reading manifest: Invalid extension permission: about:reader*
1557526654158	Marionette	INFO	Listening on port 39495
1557526654172	Marionette	WARN	TLS certificate errors will be ignored for this session
JavaScript warning: http://bvmf.bmfbovespa.com.br/WebResource.axd?d=4_i8nphUh5rGmRIwHa0b8XlNkrVyjaEwi-WEHsmjEnUgKiQN-b9KKiQzgqfaR8sT5z26xlACC3V7B804GFq5jSPFy2DO48UkNXH5R1v0sadYRWdnQbdURhSEbESZYSMkLb_5lSdjeWTTdHQ-EL2wbwNAs80XW66UQk7ZDV_BV7k2A9dME17WWagt12DIpp40RalgG0med8eb8qCaPCLMLhiy2941&t=636213560822372796, line 1880: unreachable code after return statement
1557526656602	Marionette	INFO	Stopped listening on port 39495
1557526666488	mozrunner::runner	INFO	Running command: "/usr/bin/firefox" "-marionette" "-foreground" "-no-remote" "-profile" "/tmp/rust_mozprofile.4IUWBq1x8Yvk"
1557526666847	addons.webextension.screenshots@mozilla.org	WARN	Loading extension 'screenshots@mozilla.org': Reading manifest: Invalid extension permission: mozillaAddons
1557526666848	addons.webextension.screenshots@mozilla.org	WARN	Loading extension 'screenshots@mozilla.org': Reading manifest: Invalid extension permission: resource://pdf.js/
1557526666848	addons.webextension.screenshots@mozilla.org	WARN	Loading extension 'screenshots@mozilla.org': Reading manifest: Invalid extension permission: about:reader*
1557526667924	Marionette	INFO	Listening on port 36049
1557526667999	Marionette	WARN	TLS certificate errors will be ignored for this session
JavaScript warning: http://bvmf.bmfbovespa.com.br/WebResource.axd?d=4_i8nphUh5rGmRIwHa0b8XlNkrVyjaEwi-WEHsmjEnUgKiQN-b9KKiQzgqfaR8sT5z26xlACC3V7B804GFq5jSPFy2DO48UkNXH5R1v0sadYRWdnQbdURhSEbESZYSMkLb_5lSdjeWTTdHQ-EL2wbwNAs80XW66UQk7ZDV_BV7k2A9dME17WWagt12DIpp40RalgG0med8eb8qCaPCLMLhiy2941&t=636213560822372796, line 1880: unreachable code after return statement
1557526670462	Marionette	INFO	Stopped listening on port 36049
1557526829543	mozrunner::runner	INFO	Running command: "/usr/bin/firefox" "-marionette" "-foreground" "-no-remote" "-profile" "/tmp/rust_mozprofile.eiOMPW5JBU36"
1557526829906	addons.webextension.screenshots@mozilla.org	WARN	Loading extension 'screenshots@mozilla.org': Reading manifest: Invalid extension permission: mozillaAddons
1557526829906	addons.webextension.screenshots@mozilla.org	WARN	Loading extension 'screenshots@mozilla.org': Reading manifest: Invalid extension permission: resource://pdf.js/
1557526829906	addons.webextension.screenshots@mozilla.org	WARN	Loading extension 'screenshots@mozilla.org': Reading manifest: Invalid extension permission: about:reader*
1557526830942	Marionette	INFO	Listening on port 38227
1557526830961	Marionette	WARN	TLS certificate errors will be ignored for this session
JavaScript warning: http://bvmf.bmfbovespa.com.br/WebResource.axd?d=4_i8nphUh5rGmRIwHa0b8XlNkrVyjaEwi-WEHsmjEnUgKiQN-b9KKiQzgqfaR8sT5z26xlACC3V7B804GFq5jSPFy2DO48UkNXH5R1v0sadYRWdnQbdURhSEbESZYSMkLb_5lSdjeWTTdHQ-EL2wbwNAs80XW66UQk7ZDV_BV7k2A9dME17WWagt12DIpp40RalgG0med8eb8qCaPCLMLhiy2941&t=636213560822372796, line 1880: unreachable code after return statement
1557526846010	mozrunner::runner	INFO	Running command: "/usr/bin/firefox" "-marionette" "-foreground" "-no-remote" "-profile" "/tmp/rust_mozprofile.wQUo7fUK1RDw"
1557526846374	addons.webextension.screenshots@mozilla.org	WARN	Loading extension 'screenshots@mozilla.org': Reading manifest: Invalid extension permission: mozillaAddons
1557526846374	addons.webextension.screenshots@mozilla.org	WARN	Loading extension 'screenshots@mozilla.org': Reading manifest: Invalid extension permission: resource://pdf.js/
1557526846374	addons.webextension.screenshots@mozilla.org	WARN	Loading extension 'screenshots@mozilla.org': Reading manifest: Invalid extension permission: about:reader*
1557526847541	Marionette	INFO	Listening on port 44825
1557526847620	Marionette	WARN	TLS certificate errors will be ignored for this session
JavaScript warning: http://bvmf.bmfbovespa.com.br/WebResource.axd?d=4_i8nphUh5rGmRIwHa0b8XlNkrVyjaEwi-WEHsmjEnUgKiQN-b9KKiQzgqfaR8sT5z26xlACC3V7B804GFq5jSPFy2DO48UkNXH5R1v0sadYRWdnQbdURhSEbESZYSMkLb_5lSdjeWTTdHQ-EL2wbwNAs80XW66UQk7ZDV_BV7k2A9dME17WWagt12DIpp40RalgG0med8eb8qCaPCLMLhiy2941&t=636213560822372796, line 1880: unreachable code after return statement

###!!! [Parent][MessageChannel] Error: (msgtype=0x1B0011,name=PBackgroundStorage::Msg_Observe) Channel error: cannot send/recv

[Parent 9685, Gecko_IOThread] WARNING: pipe error (99): Conexão fechada pela outra ponta: file /build/src/firefox-66.0.5/ipc/chromium/src/chrome/common/ipc_channel_posix.cc, line 357
1557526920008	Marionette	INFO	Stopped listening on port 44825
1557526920023	Marionette	INFO	Stopped listening on port 38227
1557526947463	mozrunner::runner	INFO	Running command: "/usr/bin/firefox" "-marionette" "-foreground" "-no-remote" "-profile" "/tmp/rust_mozprofile.eg3EICbcPHnq"
1557526947874	addons.webextension.screenshots@mozilla.org	WARN	Loading extension 'screenshots@mozilla.org': Reading manifest: Invalid extension permission: mozillaAddons
1557526947875	addons.webextension.screenshots@mozilla.org	WARN	Loading extension 'screenshots@mozilla.org': Reading manifest: Invalid extension permission: resource://pdf.js/
1557526947875	addons.webextension.screenshots@mozilla.org	WARN	Loading extension 'screenshots@mozilla.org': Reading manifest: Invalid extension permission: about:reader*
1557526949092	Marionette	INFO	Listening on port 34169
1557526949185	Marionette	WARN	TLS certificate errors will be ignored for this session
JavaScript warning: http://bvmf.bmfbovespa.com.br/WebResource.axd?d=4_i8nphUh5rGmRIwHa0b8XlNkrVyjaEwi-WEHsmjEnUgKiQN-b9KKiQzgqfaR8sT5z26xlACC3V7B804GFq5jSPFy2DO48UkNXH5R1v0sadYRWdnQbdURhSEbESZYSMkLb_5lSdjeWTTdHQ-EL2wbwNAs80XW66UQk7ZDV_BV7k2A9dME17WWagt12DIpp40RalgG0med8eb8qCaPCLMLhiy2941&t=636213560822372796, line 1880: unreachable code after return statement
[Child 10843, Chrome_ChildThread] WARNING: pipe error (3): Conexão fechada pela outra ponta: file /build/src/firefox-66.0.5/ipc/chromium/src/chrome/common/ipc_channel_posix.cc, line 357
[Parent 10677, Gecko_IOThread] WARNING: pipe error (120): Conexão fechada pela outra ponta: file /build/src/firefox-66.0.5/ipc/chromium/src/chrome/common/ipc_channel_posix.cc, line 357
1557526956133	Marionette	INFO	Stopped listening on port 34169
1557526967509	mozrunner::runner	INFO	Running command: "/usr/bin/firefox" "-marionette" "-foreground" "-no-remote" "-profile" "/tmp/rust_mozprofile.bfzRgGzY0U8y"
1557526967968	addons.webextension.screenshots@mozilla.org	WARN	Loading extension 'screenshots@mozilla.org': Reading manifest: Invalid extension permission: mozillaAddons
1557526967968	addons.webextension.screenshots@mozilla.org	WARN	Loading extension 'screenshots@mozilla.org': Reading manifest: Invalid extension permission: resource://pdf.js/
1557526967968	addons.webextension.screenshots@mozilla.org	WARN	Loading extension 'screenshots@mozilla.org': Reading manifest: Invalid extension permission: about:reader*
1557526969213	Marionette	INFO	Listening on port 38985
1557526969225	Marionette	WARN	TLS certificate errors will be ignored for this session
JavaScript warning: http://bvmf.bmfbovespa.com.br/WebResource.axd?d=4_i8nphUh5rGmRIwHa0b8XlNkrVyjaEwi-WEHsmjEnUgKiQN-b9KKiQzgqfaR8sT5z26xlACC3V7B804GFq5jSPFy2DO48UkNXH5R1v0sadYRWdnQbdURhSEbESZYSMkLb_5lSdjeWTTdHQ-EL2wbwNAs80XW66UQk7ZDV_BV7k2A9dME17WWagt12DIpp40RalgG0med8eb8qCaPCLMLhiy2941&t=636213560822372796, line 1880: unreachable code after return statement

###!!! [Child][RunMessage] Error: Channel closing: too late to send/recv, messages will be lost

1557526974111	Marionette	INFO	Stopped listening on port 38985
1557526988466	mozrunner::runner	INFO	Running command: "/usr/bin/firefox" "-marionette" "-foreground" "-no-remote" "-profile" "/tmp/rust_mozprofile.NpJ34W1TjBs9"
1557526988879	addons.webextension.screenshots@mozilla.org	WARN	Loading extension 'screenshots@mozilla.org': Reading manifest: Invalid extension permission: mozillaAddons
1557526988879	addons.webextension.screenshots@mozilla.org	WARN	Loading extension 'screenshots@mozilla.org': Reading manifest: Invalid extension permission: resource://pdf.js/
1557526988879	addons.webextension.screenshots@mozilla.org	WARN	Loading extension 'screenshots@mozilla.org': Reading manifest: Invalid extension permission: about:reader*
1557526990031	Marionette	INFO	Listening on port 41967
1557526990079	Marionette	WARN	TLS certificate errors will be ignored for this session
JavaScript warning: http://bvmf.bmfbovespa.com.br/WebResource.axd?d=4_i8nphUh5rGmRIwHa0b8XlNkrVyjaEwi-WEHsmjEnUgKiQN-b9KKiQzgqfaR8sT5z26xlACC3V7B804GFq5jSPFy2DO48UkNXH5R1v0sadYRWdnQbdURhSEbESZYSMkLb_5lSdjeWTTdHQ-EL2wbwNAs80XW66UQk7ZDV_BV7k2A9dME17WWagt12DIpp40RalgG0med8eb8qCaPCLMLhiy2941&t=636213560822372796, line 1880: unreachable code after return statement
1557526992545	Marionette	INFO	Stopped listening on port 41967
[Parent 11393, Gecko_IOThread] WARNING: pipe error (86): Conexão fechada pela outra ponta: file /build/src/firefox-66.0.5/ipc/chromium/src/chrome/common/ipc_channel_posix.cc, line 357
[Parent 11393, Gecko_IOThread] WARNING: pipe error (125): Conexão fechada pela outra ponta: file /build/src/firefox-66.0.5/ipc/chromium/src/chrome/common/ipc_channel_posix.cc, line 357
1557527224877	mozrunner::runner	INFO	Running command: "/usr/bin/firefox" "-marionette" "-foreground" "-no-remote" "-profile" "/tmp/rust_mozprofile.5ggWTD2sJUWM"
1557527225229	addons.webextension.screenshots@mozilla.org	WARN	Loading extension 'screenshots@mozilla.org': Reading manifest: Invalid extension permission: mozillaAddons
1557527225229	addons.webextension.screenshots@mozilla.org	WARN	Loading extension 'screenshots@mozilla.org': Reading manifest: Invalid extension permission: resource://pdf.js/
1557527225229	addons.webextension.screenshots@mozilla.org	WARN	Loading extension 'screenshots@mozilla.org': Reading manifest: Invalid extension permission: about:reader*
1557527226283	Marionette	INFO	Listening on port 41137
1557527226298	Marionette	WARN	TLS certificate errors will be ignored for this session
JavaScript warning: http://bvmf.bmfbovespa.com.br/WebResource.axd?d=4_i8nphUh5rGmRIwHa0b8XlNkrVyjaEwi-WEHsmjEnUgKiQN-b9KKiQzgqfaR8sT5z26xlACC3V7B804GFq5jSPFy2DO48UkNXH5R1v0sadYRWdnQbdURhSEbESZYSMkLb_5lSdjeWTTdHQ-EL2wbwNAs80XW66UQk7ZDV_BV7k2A9dME17WWagt12DIpp40RalgG0med8eb8qCaPCLMLhiy2941&t=636213560822372796, line 1880: unreachable code after return statement
1557527228841	Marionette	INFO	Stopped listening on port 41137
1557527249286	mozrunner::runner	INFO	Running command: "/usr/bin/firefox" "-marionette" "-foreground" "-no-remote" "-profile" "/tmp/rust_mozprofile.QtptMoEmikb4"
1557527249632	addons.webextension.screenshots@mozilla.org	WARN	Loading extension 'screenshots@mozilla.org': Reading manifest: Invalid extension permission: mozillaAddons
1557527249632	addons.webextension.screenshots@mozilla.org	WARN	Loading extension 'screenshots@mozilla.org': Reading manifest: Invalid extension permission: resource://pdf.js/
1557527249632	addons.webextension.screenshots@mozilla.org	WARN	Loading extension 'screenshots@mozilla.org': Reading manifest: Invalid extension permission: about:reader*
1557527250672	Marionette	INFO	Listening on port 40397
1557527250704	Marionette	WARN	TLS certificate errors will be ignored for this session
JavaScript warning: http://bvmf.bmfbovespa.com.br/WebResource.axd?d=4_i8nphUh5rGmRIwHa0b8XlNkrVyjaEwi-WEHsmjEnUgKiQN-b9KKiQzgqfaR8sT5z26xlACC3V7B804GFq5jSPFy2DO48UkNXH5R1v0sadYRWdnQbdURhSEbESZYSMkLb_5lSdjeWTTdHQ-EL2wbwNAs80XW66UQk7ZDV_BV7k2A9dME17WWagt12DIpp40RalgG0med8eb8qCaPCLMLhiy2941&t=636213560822372796, line 1880: unreachable code after return statement
1557527253350	Marionette	INFO	Stopped listening on port 40397
1557527320229	mozrunner::runner	INFO	Running command: "/usr/bin/firefox" "-marionette" "-foreground" "-no-remote" "-profile" "/tmp/rust_mozprofile.770C7xXJT3mw"
1557527320580	addons.webextension.screenshots@mozilla.org	WARN	Loading extension 'screenshots@mozilla.org': Reading manifest: Invalid extension permission: mozillaAddons
1557527320581	addons.webextension.screenshots@mozilla.org	WARN	Loading extension 'screenshots@mozilla.org': Reading manifest: Invalid extension permission: resource://pdf.js/
1557527320581	addons.webextension.screenshots@mozilla.org	WARN	Loading extension 'screenshots@mozilla.org': Reading manifest: Invalid extension permission: about:reader*
1557527321615	Marionette	INFO	Listening on port 34187
1557527321643	Marionette	WARN	TLS certificate errors will be ignored for this session
JavaScript warning: http://bvmf.bmfbovespa.com.br/WebResource.axd?d=4_i8nphUh5rGmRIwHa0b8XlNkrVyjaEwi-WEHsmjEnUgKiQN-b9KKiQzgqfaR8sT5z26xlACC3V7B804GFq5jSPFy2DO48UkNXH5R1v0sadYRWdnQbdURhSEbESZYSMkLb_5lSdjeWTTdHQ-EL2wbwNAs80XW66UQk7ZDV_BV7k2A9dME17WWagt12DIpp40RalgG0med8eb8qCaPCLMLhiy2941&t=636213560822372796, line 1880: unreachable code after return statement
1557527323963	Marionette	INFO	Stopped listening on port 34187
[Parent 12641, Gecko_IOThread] WARNING: pipe error: Pipe quebrado: file /build/src/firefox-66.0.5/ipc/chromium/src/chrome/common/ipc_channel_posix.cc, line 726
1557527788940	mozrunner::runner	INFO	Running command: "/usr/bin/firefox" "-marionette" "-foreground" "-no-remote" "-profile" "/tmp/rust_mozprofile.d4sWJ2yQnpKl"
1557527789297	addons.webextension.screenshots@mozilla.org	WARN	Loading extension 'screenshots@mozilla.org': Reading manifest: Invalid extension permission: mozillaAddons
1557527789297	addons.webextension.screenshots@mozilla.org	WARN	Loading extension 'screenshots@mozilla.org': Reading manifest: Invalid extension permission: resource://pdf.js/
1557527789297	addons.webextension.screenshots@mozilla.org	WARN	Loading extension 'screenshots@mozilla.org': Reading manifest: Invalid extension permission: about:reader*
1557527790359	Marionette	INFO	Listening on port 42743
1557527790456	Marionette	WARN	TLS certificate errors will be ignored for this session
JavaScript warning: http://bvmf.bmfbovespa.com.br/WebResource.axd?d=4_i8nphUh5rGmRIwHa0b8XlNkrVyjaEwi-WEHsmjEnUgKiQN-b9KKiQzgqfaR8sT5z26xlACC3V7B804GFq5jSPFy2DO48UkNXH5R1v0sadYRWdnQbdURhSEbESZYSMkLb_5lSdjeWTTdHQ-EL2wbwNAs80XW66UQk7ZDV_BV7k2A9dME17WWagt12DIpp40RalgG0med8eb8qCaPCLMLhiy2941&t=636213560822372796, line 1880: unreachable code after return statement
1557527792957	Marionette	INFO	Stopped listening on port 42743
1557528150844	mozrunner::runner	INFO	Running command: "/usr/bin/firefox" "-marionette" "-foreground" "-no-remote" "-profile" "/tmp/rust_mozprofile.inf9lY1XlOMw"
1557528151195	addons.webextension.screenshots@mozilla.org	WARN	Loading extension 'screenshots@mozilla.org': Reading manifest: Invalid extension permission: mozillaAddons
1557528151195	addons.webextension.screenshots@mozilla.org	WARN	Loading extension 'screenshots@mozilla.org': Reading manifest: Invalid extension permission: resource://pdf.js/
1557528151195	addons.webextension.screenshots@mozilla.org	WARN	Loading extension 'screenshots@mozilla.org': Reading manifest: Invalid extension permission: about:reader*
1557528152237	Marionette	INFO	Listening on port 36479
1557528152256	Marionette	WARN	TLS certificate errors will be ignored for this session
JavaScript warning: http://bvmf.bmfbovespa.com.br/WebResource.axd?d=4_i8nphUh5rGmRIwHa0b8XlNkrVyjaEwi-WEHsmjEnUgKiQN-b9KKiQzgqfaR8sT5z26xlACC3V7B804GFq5jSPFy2DO48UkNXH5R1v0sadYRWdnQbdURhSEbESZYSMkLb_5lSdjeWTTdHQ-EL2wbwNAs80XW66UQk7ZDV_BV7k2A9dME17WWagt12DIpp40RalgG0med8eb8qCaPCLMLhiy2941&t=636213560822372796, line 1880: unreachable code after return statement
1557528154824	Marionette	INFO	Stopped listening on port 36479
1557528173299	mozrunner::runner	INFO	Running command: "/usr/bin/firefox" "-marionette" "-foreground" "-no-remote" "-profile" "/tmp/rust_mozprofile.crecvmStGnZd"
1557528173652	addons.webextension.screenshots@mozilla.org	WARN	Loading extension 'screenshots@mozilla.org': Reading manifest: Invalid extension permission: mozillaAddons
1557528173652	addons.webextension.screenshots@mozilla.org	WARN	Loading extension 'screenshots@mozilla.org': Reading manifest: Invalid extension permission: resource://pdf.js/
1557528173652	addons.webextension.screenshots@mozilla.org	WARN	Loading extension 'screenshots@mozilla.org': Reading manifest: Invalid extension permission: about:reader*
1557528174748	Marionette	INFO	Listening on port 40369
1557528174816	Marionette	WARN	TLS certificate errors will be ignored for this session
JavaScript warning: http://bvmf.bmfbovespa.com.br/WebResource.axd?d=4_i8nphUh5rGmRIwHa0b8XlNkrVyjaEwi-WEHsmjEnUgKiQN-b9KKiQzgqfaR8sT5z26xlACC3V7B804GFq5jSPFy2DO48UkNXH5R1v0sadYRWdnQbdURhSEbESZYSMkLb_5lSdjeWTTdHQ-EL2wbwNAs80XW66UQk7ZDV_BV7k2A9dME17WWagt12DIpp40RalgG0med8eb8qCaPCLMLhiy2941&t=636213560822372796, line 1880: unreachable code after return statement
1557528177139	Marionette	INFO	Stopped listening on port 40369
1557528482376	mozrunner::runner	INFO	Running command: "/usr/bin/firefox" "-marionette" "-foreground" "-no-remote" "-profile" "/tmp/rust_mozprofile.09AGG0GYBJZi"
1557528482741	addons.webextension.screenshots@mozilla.org	WARN	Loading extension 'screenshots@mozilla.org': Reading manifest: Invalid extension permission: mozillaAddons
1557528482741	addons.webextension.screenshots@mozilla.org	WARN	Loading extension 'screenshots@mozilla.org': Reading manifest: Invalid extension permission: resource://pdf.js/
1557528482741	addons.webextension.screenshots@mozilla.org	WARN	Loading extension 'screenshots@mozilla.org': Reading manifest: Invalid extension permission: about:reader*
1557528483763	Marionette	INFO	Listening on port 36859
1557528483783	Marionette	WARN	TLS certificate errors will be ignored for this session
JavaScript warning: http://bvmf.bmfbovespa.com.br/WebResource.axd?d=4_i8nphUh5rGmRIwHa0b8XlNkrVyjaEwi-WEHsmjEnUgKiQN-b9KKiQzgqfaR8sT5z26xlACC3V7B804GFq5jSPFy2DO48UkNXH5R1v0sadYRWdnQbdURhSEbESZYSMkLb_5lSdjeWTTdHQ-EL2wbwNAs80XW66UQk7ZDV_BV7k2A9dME17WWagt12DIpp40RalgG0med8eb8qCaPCLMLhiy2941&t=636213560822372796, line 1880: unreachable code after return statement
1557528486102	Marionette	INFO	Stopped listening on port 36859
1557528595644	mozrunner::runner	INFO	Running command: "/usr/bin/firefox" "-marionette" "-foreground" "-no-remote" "-profile" "/tmp/rust_mozprofile.DDiomtO5ms5X"
1557528596015	addons.webextension.screenshots@mozilla.org	WARN	Loading extension 'screenshots@mozilla.org': Reading manifest: Invalid extension permission: mozillaAddons
1557528596016	addons.webextension.screenshots@mozilla.org	WARN	Loading extension 'screenshots@mozilla.org': Reading manifest: Invalid extension permission: resource://pdf.js/
1557528596016	addons.webextension.screenshots@mozilla.org	WARN	Loading extension 'screenshots@mozilla.org': Reading manifest: Invalid extension permission: about:reader*
1557528597065	Marionette	INFO	Listening on port 42931
1557528597157	Marionette	WARN	TLS certificate errors will be ignored for this session
JavaScript warning: http://bvmf.bmfbovespa.com.br/WebResource.axd?d=4_i8nphUh5rGmRIwHa0b8XlNkrVyjaEwi-WEHsmjEnUgKiQN-b9KKiQzgqfaR8sT5z26xlACC3V7B804GFq5jSPFy2DO48UkNXH5R1v0sadYRWdnQbdURhSEbESZYSMkLb_5lSdjeWTTdHQ-EL2wbwNAs80XW66UQk7ZDV_BV7k2A9dME17WWagt12DIpp40RalgG0med8eb8qCaPCLMLhiy2941&t=636213560822372796, line 1880: unreachable code after return statement
1557528599490	Marionette	INFO	Stopped listening on port 42931

###!!! [Child][RunMessage] Error: Channel closing: too late to send/recv, messages will be lost

1557528693497	mozrunner::runner	INFO	Running command: "/usr/bin/firefox" "-marionette" "-foreground" "-no-remote" "-profile" "/tmp/rust_mozprofile.acfs4oltfPOJ"
1557528693863	addons.webextension.screenshots@mozilla.org	WARN	Loading extension 'screenshots@mozilla.org': Reading manifest: Invalid extension permission: mozillaAddons
1557528693864	addons.webextension.screenshots@mozilla.org	WARN	Loading extension 'screenshots@mozilla.org': Reading manifest: Invalid extension permission: resource://pdf.js/
1557528693864	addons.webextension.screenshots@mozilla.org	WARN	Loading extension 'screenshots@mozilla.org': Reading manifest: Invalid extension permission: about:reader*
1557528694842	Marionette	INFO	Listening on port 36009
1557528694905	Marionette	WARN	TLS certificate errors will be ignored for this session
JavaScript warning: http://bvmf.bmfbovespa.com.br/WebResource.axd?d=4_i8nphUh5rGmRIwHa0b8XlNkrVyjaEwi-WEHsmjEnUgKiQN-b9KKiQzgqfaR8sT5z26xlACC3V7B804GFq5jSPFy2DO48UkNXH5R1v0sadYRWdnQbdURhSEbESZYSMkLb_5lSdjeWTTdHQ-EL2wbwNAs80XW66UQk7ZDV_BV7k2A9dME17WWagt12DIpp40RalgG0med8eb8qCaPCLMLhiy2941&t=636213560822372796, line 1880: unreachable code after return statement
1557528697318	Marionette	INFO	Stopped listening on port 36009
1557528713397	mozrunner::runner	INFO	Running command: "/usr/bin/firefox" "-marionette" "-foreground" "-no-remote" "-profile" "/tmp/rust_mozprofile.jfSeFly6wjbI"
1557528713770	addons.webextension.screenshots@mozilla.org	WARN	Loading extension 'screenshots@mozilla.org': Reading manifest: Invalid extension permission: mozillaAddons
1557528713771	addons.webextension.screenshots@mozilla.org	WARN	Loading extension 'screenshots@mozilla.org': Reading manifest: Invalid extension permission: resource://pdf.js/
1557528713771	addons.webextension.screenshots@mozilla.org	WARN	Loading extension 'screenshots@mozilla.org': Reading manifest: Invalid extension permission: about:reader*
1557528714817	Marionette	INFO	Listening on port 45695
1557528714912	Marionette	WARN	TLS certificate errors will be ignored for this session
JavaScript warning: http://bvmf.bmfbovespa.com.br/WebResource.axd?d=4_i8nphUh5rGmRIwHa0b8XlNkrVyjaEwi-WEHsmjEnUgKiQN-b9KKiQzgqfaR8sT5z26xlACC3V7B804GFq5jSPFy2DO48UkNXH5R1v0sadYRWdnQbdURhSEbESZYSMkLb_5lSdjeWTTdHQ-EL2wbwNAs80XW66UQk7ZDV_BV7k2A9dME17WWagt12DIpp40RalgG0med8eb8qCaPCLMLhiy2941&t=636213560822372796, line 1880: unreachable code after return statement
1557528717293	Marionette	INFO	Stopped listening on port 45695

###!!! [Parent][RunMessage] Error: Channel closing: too late to send/recv, messages will be lost

1557528726261	mozrunner::runner	INFO	Running command: "/usr/bin/firefox" "-marionette" "-foreground" "-no-remote" "-profile" "/tmp/rust_mozprofile.kxncAEGZo7x8"
1557528726619	addons.webextension.screenshots@mozilla.org	WARN	Loading extension 'screenshots@mozilla.org': Reading manifest: Invalid extension permission: mozillaAddons
1557528726619	addons.webextension.screenshots@mozilla.org	WARN	Loading extension 'screenshots@mozilla.org': Reading manifest: Invalid extension permission: resource://pdf.js/
1557528726620	addons.webextension.screenshots@mozilla.org	WARN	Loading extension 'screenshots@mozilla.org': Reading manifest: Invalid extension permission: about:reader*
1557528727699	Marionette	INFO	Listening on port 35925
1557528727781	Marionette	WARN	TLS certificate errors will be ignored for this session
JavaScript warning: http://bvmf.bmfbovespa.com.br/WebResource.axd?d=4_i8nphUh5rGmRIwHa0b8XlNkrVyjaEwi-WEHsmjEnUgKiQN-b9KKiQzgqfaR8sT5z26xlACC3V7B804GFq5jSPFy2DO48UkNXH5R1v0sadYRWdnQbdURhSEbESZYSMkLb_5lSdjeWTTdHQ-EL2wbwNAs80XW66UQk7ZDV_BV7k2A9dME17WWagt12DIpp40RalgG0med8eb8qCaPCLMLhiy2941&t=636213560822372796, line 1880: unreachable code after return statement
1557528730222	Marionette	INFO	Stopped listening on port 35925
1557528737050	mozrunner::runner	INFO	Running command: "/usr/bin/firefox" "-marionette" "-foreground" "-no-remote" "-profile" "/tmp/rust_mozprofile.LKrfreZkcZJ3"
1557528737401	addons.webextension.screenshots@mozilla.org	WARN	Loading extension 'screenshots@mozilla.org': Reading manifest: Invalid extension permission: mozillaAddons
1557528737401	addons.webextension.screenshots@mozilla.org	WARN	Loading extension 'screenshots@mozilla.org': Reading manifest: Invalid extension permission: resource://pdf.js/
1557528737401	addons.webextension.screenshots@mozilla.org	WARN	Loading extension 'screenshots@mozilla.org': Reading manifest: Invalid extension permission: about:reader*
1557528738465	Marionette	INFO	Listening on port 45273
1557528738555	Marionette	WARN	TLS certificate errors will be ignored for this session
JavaScript warning: http://bvmf.bmfbovespa.com.br/WebResource.axd?d=4_i8nphUh5rGmRIwHa0b8XlNkrVyjaEwi-WEHsmjEnUgKiQN-b9KKiQzgqfaR8sT5z26xlACC3V7B804GFq5jSPFy2DO48UkNXH5R1v0sadYRWdnQbdURhSEbESZYSMkLb_5lSdjeWTTdHQ-EL2wbwNAs80XW66UQk7ZDV_BV7k2A9dME17WWagt12DIpp40RalgG0med8eb8qCaPCLMLhiy2941&t=636213560822372796, line 1880: unreachable code after return statement
1557528740879	Marionette	INFO	Stopped listening on port 45273
1557529306866	mozrunner::runner	INFO	Running command: "/usr/bin/firefox" "-marionette" "-foreground" "-no-remote" "-profile" "/tmp/rust_mozprofile.BWH1xgRF9b0S"
1557529307219	addons.webextension.screenshots@mozilla.org	WARN	Loading extension 'screenshots@mozilla.org': Reading manifest: Invalid extension permission: mozillaAddons
1557529307219	addons.webextension.screenshots@mozilla.org	WARN	Loading extension 'screenshots@mozilla.org': Reading manifest: Invalid extension permission: resource://pdf.js/
1557529307219	addons.webextension.screenshots@mozilla.org	WARN	Loading extension 'screenshots@mozilla.org': Reading manifest: Invalid extension permission: about:reader*
1557529308243	Marionette	INFO	Listening on port 43369
1557529308283	Marionette	WARN	TLS certificate errors will be ignored for this session
JavaScript warning: http://bvmf.bmfbovespa.com.br/WebResource.axd?d=4_i8nphUh5rGmRIwHa0b8XlNkrVyjaEwi-WEHsmjEnUgKiQN-b9KKiQzgqfaR8sT5z26xlACC3V7B804GFq5jSPFy2DO48UkNXH5R1v0sadYRWdnQbdURhSEbESZYSMkLb_5lSdjeWTTdHQ-EL2wbwNAs80XW66UQk7ZDV_BV7k2A9dME17WWagt12DIpp40RalgG0med8eb8qCaPCLMLhiy2941&t=636213560822372796, line 1880: unreachable code after return statement
JavaScript warning: http://bvmf.bmfbovespa.com.br/WebResource.axd?d=4_i8nphUh5rGmRIwHa0b8XlNkrVyjaEwi-WEHsmjEnUgKiQN-b9KKiQzgqfaR8sT5z26xlACC3V7B804GFq5jSPFy2DO48UkNXH5R1v0sadYRWdnQbdURhSEbESZYSMkLb_5lSdjeWTTdHQ-EL2wbwNAs80XW66UQk7ZDV_BV7k2A9dME17WWagt12DIpp40RalgG0med8eb8qCaPCLMLhiy2941&t=636213560822372796, line 1880: unreachable code after return statement
JavaScript warning: http://bvmf.bmfbovespa.com.br/WebResource.axd?d=uDL-oJ8rwOf4eDbtj96Cf0Ixj6pmO1kSMMwMOx9L66hnOOJZl-GoFdwp7eAx9TMIoFw_l9H8oADbJZsR3vkPgP4RBhqqoJMXOhV0aIHHj2qxYGc9z3yaU3EwpDMizOnUt4Zpjnr7-mrLYjGXnDnum4tlF7Y1tczYtQQiaTkfnRufKff6GWW9skbcuq52BwsMcqdwQg2&t=636213560815653895, line 702: unreachable code after return statement
JavaScript warning: http://bvmf.bmfbovespa.com.br/WebResource.axd?d=uDL-oJ8rwOf4eDbtj96Cf0Ixj6pmO1kSMMwMOx9L66hnOOJZl-GoFdwp7eAx9TMIoFw_l9H8oADbJZsR3vkPgP4RBhqqoJMXOhV0aIHHj2qxYGc9z3yaU3EwpDMizOnUt4Zpjnr7-mrLYjGXnDnum4tlF7Y1tczYtQQiaTkfnRufKff6GWW9skbcuq52BwsMcqdwQg2&t=636213560815653895, line 4449: unreachable code after return statement
JavaScript warning: http://bvmf.bmfbovespa.com.br/WebResource.axd?d=uDL-oJ8rwOf4eDbtj96Cf0Ixj6pmO1kSMMwMOx9L66hnOOJZl-GoFdwp7eAx9TMIoFw_l9H8oADbJZsR3vkPgP4RBhqqoJMXOhV0aIHHj2qxYGc9z3yaU3EwpDMizOnUt4Zpjnr7-mrLYjGXnDnum4tlF7Y1tczYtQQiaTkfnRufKff6GWW9skbcuq52BwsMcqdwQg2&t=636213560815653895, line 4465: unreachable code after return statement
JavaScript warning: http://bvmf.bmfbovespa.com.br/WebResource.axd?d=uDL-oJ8rwOf4eDbtj96Cf0Ixj6pmO1kSMMwMOx9L66hnOOJZl-GoFdwp7eAx9TMIoFw_l9H8oADbJZsR3vkPgP4RBhqqoJMXOhV0aIHHj2qxYGc9z3yaU3EwpDMizOnUt4Zpjnr7-mrLYjGXnDnum4tlF7Y1tczYtQQiaTkfnRufKff6GWW9skbcuq52BwsMcqdwQg2&t=636213560815653895, line 702: unreachable code after return statement
JavaScript warning: http://bvmf.bmfbovespa.com.br/WebResource.axd?d=4_i8nphUh5rGmRIwHa0b8XlNkrVyjaEwi-WEHsmjEnUgKiQN-b9KKiQzgqfaR8sT5z26xlACC3V7B804GFq5jSPFy2DO48UkNXH5R1v0sadYRWdnQbdURhSEbESZYSMkLb_5lSdjeWTTdHQ-EL2wbwNAs80XW66UQk7ZDV_BV7k2A9dME17WWagt12DIpp40RalgG0med8eb8qCaPCLMLhiy2941&t=636213560822372796, line 1880: unreachable code after return statement
JavaScript warning: http://bvmf.bmfbovespa.com.br/WebResource.axd?d=uDL-oJ8rwOf4eDbtj96Cf0Ixj6pmO1kSMMwMOx9L66hnOOJZl-GoFdwp7eAx9TMIoFw_l9H8oADbJZsR3vkPgP4RBhqqoJMXOhV0aIHHj2qxYGc9z3yaU3EwpDMizOnUt4Zpjnr7-mrLYjGXnDnum4tlF7Y1tczYtQQiaTkfnRufKff6GWW9skbcuq52BwsMcqdwQg2&t=636213560815653895, line 702: unreachable code after return statement
JavaScript warning: http://bvmf.bmfbovespa.com.br/WebResource.axd?d=uDL-oJ8rwOf4eDbtj96Cf0Ixj6pmO1kSMMwMOx9L66hnOOJZl-GoFdwp7eAx9TMIoFw_l9H8oADbJZsR3vkPgP4RBhqqoJMXOhV0aIHHj2qxYGc9z3yaU3EwpDMizOnUt4Zpjnr7-mrLYjGXnDnum4tlF7Y1tczYtQQiaTkfnRufKff6GWW9skbcuq52BwsMcqdwQg2&t=636213560815653895, line 4449: unreachable code after return statement
JavaScript warning: http://bvmf.bmfbovespa.com.br/WebResource.axd?d=uDL-oJ8rwOf4eDbtj96Cf0Ixj6pmO1kSMMwMOx9L66hnOOJZl-GoFdwp7eAx9TMIoFw_l9H8oADbJZsR3vkPgP4RBhqqoJMXOhV0aIHHj2qxYGc9z3yaU3EwpDMizOnUt4Zpjnr7-mrLYjGXnDnum4tlF7Y1tczYtQQiaTkfnRufKff6GWW9skbcuq52BwsMcqdwQg2&t=636213560815653895, line 4465: unreachable code after return statement

###!!! [Child][RunMessage] Error: Channel closing: too late to send/recv, messages will be lost

[Parent 17673, Gecko_IOThread] WARNING: pipe error (96): Conexão fechada pela outra ponta: file /build/src/firefox-66.0.5/ipc/chromium/src/chrome/common/ipc_channel_posix.cc, line 357
1557529319144	Marionette	INFO	Stopped listening on port 43369
1557529614777	mozrunner::runner	INFO	Running command: "/usr/bin/firefox" "-marionette" "-foreground" "-no-remote" "-profile" "/tmp/rust_mozprofile.Giu4qFSYSVcQ"
1557529615223	addons.webextension.screenshots@mozilla.org	WARN	Loading extension 'screenshots@mozilla.org': Reading manifest: Invalid extension permission: mozillaAddons
1557529615224	addons.webextension.screenshots@mozilla.org	WARN	Loading extension 'screenshots@mozilla.org': Reading manifest: Invalid extension permission: resource://pdf.js/
1557529615224	addons.webextension.screenshots@mozilla.org	WARN	Loading extension 'screenshots@mozilla.org': Reading manifest: Invalid extension permission: about:reader*
1557529616518	Marionette	INFO	Listening on port 33073
1557529616603	Marionette	WARN	TLS certificate errors will be ignored for this session
[Parent 18327, Gecko_IOThread] WARNING: pipe error (86): Conexão fechada pela outra ponta: file /build/src/firefox-66.0.5/ipc/chromium/src/chrome/common/ipc_channel_posix.cc, line 357
1557529641174	Marionette	INFO	Stopped listening on port 33073
